<?xml version="1.0" encoding="UTF-8"?>
<!-- Generated by org.testng.reporters.JUnitReportReporter -->
<testsuite skipped="0" hostname="DESKTOP-488FP15" name="Com_Actitime_Test.testA" tests="1" failures="0" timestamp="19 May 2019 05:21:51 GMT" time="0.000" errors="0">
  <testcase name="test" time="0.000" classname="Com_Actitime_Test.testA"/>
</testsuite> <!-- Com_Actitime_Test.testA -->
