<?xml version="1.0" encoding="UTF-8"?>
<!-- Generated by org.testng.reporters.JUnitReportReporter -->
<testsuite skipped="2" hostname="DESKTOP-488FP15" name="Com_Actitime_Test.VerifyversionTest" tests="2" failures="0" timestamp="22 Oct 2019 02:58:40 GMT" time="0.000" errors="0">
  <testcase name="Verifyversion" time="0.000" classname="Com_Actitime_Test.VerifyversionTest">
    <skipped/>
  </testcase> <!-- Verifyversion -->
  <testcase name="Verifyversion" time="0.000" classname="Com_Actitime_Test.VerifyversionTest">
    <skipped/>
  </testcase> <!-- Verifyversion -->
</testsuite> <!-- Com_Actitime_Test.VerifyversionTest -->
